# JRE version: Java(TM) SE Runtime Environment (7.0_79-b15) (build 1.7.0_79-b15)
# Java VM: Java HotSpot(TM) Client VM (24.79-b02 mixed mode windows-x86 )
Heap
 def new generation   total 73600K, used 73600K [0x03a00000, 0x089d0000, 0x18f50000)
  eden space 65472K, 100% used [0x03a00000, 0x079f0000, 0x079f0000)
  from space 8128K, 100% used [0x081e0000, 0x089d0000, 0x089d0000)
  to   space 8128K, 100% used [0x079f0000, 0x081e0000, 0x081e0000)
 tenured generation   total 163380K, used 108099K [0x18f50000, 0x22edd000, 0x43a00000)
   the space 163380K,  66% used [0x18f50000, 0x1f8e0d20, 0x1f8e0e00, 0x22edd000)
 compacting perm gen  total 73984K, used 73967K [0x43a00000, 0x48240000, 0x53a00000)
   the space 73984K,  99% used [0x43a00000, 0x4823be90, 0x4823c000, 0x48240000)
GC Heap History (10 events):
Event: 3844.689 GC heap after
Heap after GC invocations=196 (full 25):
 def new generation   total 57728K, used 6400K [0x03a00000, 0x078a0000, 0x18f50000)
  eden space 51328K,   0% used [0x03a00000, 0x03a00000, 0x06c20000)
  from space 6400K, 100% used [0x06c20000, 0x07260000, 0x07260000)
  to   space 6400K,   0% used [0x07260000, 0x07260000, 0x078a0000)
 tenured generation   total 128184K, used 84251K [0x18f50000, 0x20c7e000, 0x43a00000)
   the space 128184K,  65% used [0x18f50000, 0x1e196dd0, 0x1e196e00, 0x20c7e000)
 compacting perm gen  total 68352K, used 68194K [0x43a00000, 0x47cc0000, 0x53a00000)
   the space 68352K,  99% used [0x43a00000, 0x47c98ae0, 0x47c98c00, 0x47cc0000)
No shared spaces configured.
}
Event: 3869.749 GC heap before
{Heap before GC invocations=196 (full 25):
 def new generation   total 57728K, used 57728K [0x03a00000, 0x078a0000, 0x18f50000)
  eden space 51328K, 100% used [0x03a00000, 0x06c20000, 0x06c20000)
  from space 6400K, 100% used [0x06c20000, 0x07260000, 0x07260000)
  to   space 6400K,   0% used [0x07260000, 0x07260000, 0x078a0000)
 tenured generation   total 128184K, used 84251K [0x18f50000, 0x20c7e000, 0x43a00000)
   the space 128184K,  65% used [0x18f50000, 0x1e196dd0, 0x1e196e00, 0x20c7e000)
 compacting perm gen  total 68864K, used 68753K [0x43a00000, 0x47d40000, 0x53a00000)
   the space 68864K,  99% used [0x43a00000, 0x47d24778, 0x47d24800, 0x47d40000)
No shared spaces configured.
Event: 3869.783 GC heap after
Heap after GC invocations=197 (full 25):
 def new generation   total 57728K, used 5823K [0x03a00000, 0x078a0000, 0x18f50000)
  eden space 51328K,   0% used [0x03a00000, 0x03a00000, 0x06c20000)
  from space 6400K,  90% used [0x07260000, 0x0780fd90, 0x078a0000)
  to   space 6400K,   0% used [0x06c20000, 0x06c20000, 0x07260000)
 tenured generation   total 128184K, used 90015K [0x18f50000, 0x20c7e000, 0x43a00000)
   the space 128184K,  70% used [0x18f50000, 0x1e737f10, 0x1e738000, 0x20c7e000)
 compacting perm gen  total 68864K, used 68753K [0x43a00000, 0x47d40000, 0x53a00000)
   the space 68864K,  99% used [0x43a00000, 0x47d24778, 0x47d24800, 0x47d40000)
No shared spaces configured.
}
Event: 3870.186 GC heap before
{Heap before GC invocations=197 (full 25):
 def new generation   total 57728K, used 57151K [0x03a00000, 0x078a0000, 0x18f50000)
  eden space 51328K, 100% used [0x03a00000, 0x06c20000, 0x06c20000)
  from space 6400K,  90% used [0x07260000, 0x0780fd90, 0x078a0000)
  to   space 6400K,   0% used [0x06c20000, 0x06c20000, 0x07260000)
 tenured generation   total 128184K, used 90015K [0x18f50000, 0x20c7e000, 0x43a00000)
   the space 128184K,  70% used [0x18f50000, 0x1e737f10, 0x1e738000, 0x20c7e000)
 compacting perm gen  total 68864K, used 68833K [0x43a00000, 0x47d40000, 0x53a00000)
   the space 68864K,  99% used [0x43a00000, 0x47d38660, 0x47d38800, 0x47d40000)
No shared spaces configured.
Event: 3870.208 GC heap after
Heap after GC invocations=198 (full 25):
 def new generation   total 57728K, used 2404K [0x03a00000, 0x078a0000, 0x18f50000)
  eden space 51328K,   0% used [0x03a00000, 0x03a00000, 0x06c20000)
  from space 6400K,  37% used [0x06c20000, 0x06e79160, 0x07260000)
  to   space 6400K,   0% used [0x07260000, 0x07260000, 0x078a0000)
 tenured generation   total 128184K, used 95048K [0x18f50000, 0x20c7e000, 0x43a00000)
   the space 128184K,  74% used [0x18f50000, 0x1ec221f8, 0x1ec22200, 0x20c7e000)
 compacting perm gen  total 68864K, used 68833K [0x43a00000, 0x47d40000, 0x53a00000)
   the space 68864K,  99% used [0x43a00000, 0x47d38660, 0x47d38800, 0x47d40000)
No shared spaces configured.
}
Event: 3870.695 GC heap before
{Heap before GC invocations=198 (full 25):
 def new generation   total 57728K, used 52563K [0x03a00000, 0x078a0000, 0x18f50000)
  eden space 51328K,  97% used [0x03a00000, 0x06afbcc8, 0x06c20000)
  from space 6400K,  37% used [0x06c20000, 0x06e79160, 0x07260000)
  to   space 6400K,   0% used [0x07260000, 0x07260000, 0x078a0000)
 tenured generation   total 128184K, used 95048K [0x18f50000, 0x20c7e000, 0x43a00000)
   the space 128184K,  74% used [0x18f50000, 0x1ec221f8, 0x1ec22200, 0x20c7e000)
 compacting perm gen  total 71168K, used 71167K [0x43a00000, 0x47f80000, 0x53a00000)
   the space 71168K,  99% used [0x43a00000, 0x47f7ffc0, 0x47f80000, 0x47f80000)
No shared spaces configured.
Event: 3871.087 GC heap after
Heap after GC invocations=199 (full 26):
 def new generation   total 73600K, used 0K [0x03a00000, 0x089d0000, 0x18f50000)
  eden space 65472K,   0% used [0x03a00000, 0x03a00000, 0x079f0000)
  from space 8128K,   0% used [0x079f0000, 0x079f0000, 0x081e0000)
  to   space 8128K,   0% used [0x081e0000, 0x081e0000, 0x089d0000)
 tenured generation   total 163380K, used 98027K [0x18f50000, 0x22edd000, 0x43a00000)
   the space 163380K,  59% used [0x18f50000, 0x1ef0ad58, 0x1ef0ae00, 0x22edd000)
 compacting perm gen  total 71168K, used 71167K [0x43a00000, 0x47f80000, 0x53a00000)
   the space 71168K,  99% used [0x43a00000, 0x47f7ffc0, 0x47f80000, 0x47f80000)
No shared spaces configured.
}
Event: 3871.757 GC heap before
{Heap before GC invocations=199 (full 26):
 def new generation   total 73600K, used 65472K [0x03a00000, 0x089d0000, 0x18f50000)
  eden space 65472K, 100% used [0x03a00000, 0x079f0000, 0x079f0000)
  from space 8128K,   0% used [0x079f0000, 0x079f0000, 0x081e0000)
  to   space 8128K,   0% used [0x081e0000, 0x081e0000, 0x089d0000)
 tenured generation   total 163380K, used 98027K [0x18f50000, 0x22edd000, 0x43a00000)
   the space 163380K,  59% used [0x18f50000, 0x1ef0ad58, 0x1ef0ae00, 0x22edd000)
 compacting perm gen  total 73472K, used 73321K [0x43a00000, 0x481c0000, 0x53a00000)
   the space 73472K,  99% used [0x43a00000, 0x4819a7f0, 0x4819a800, 0x481c0000)
No shared spaces configured.
Event: 3871.794 GC heap after
Heap after GC invocations=200 (full 26):
 def new generation   total 73600K, used 8128K [0x03a00000, 0x089d0000, 0x18f50000)
  eden space 65472K,   0% used [0x03a00000, 0x03a00000, 0x079f0000)
  from space 8128K, 100% used [0x081e0000, 0x089d0000, 0x089d0000)
  to   space 8128K,   0% used [0x079f0000, 0x079f0000, 0x081e0000)
 tenured generation   total 163380K, used 99335K [0x18f50000, 0x22edd000, 0x43a00000)
   the space 163380K,  60% used [0x18f50000, 0x1f051c48, 0x1f051e00, 0x22edd000)
 compacting perm gen  total 73472K, used 73321K [0x43a00000, 0x481c0000, 0x53a00000)
   the space 73472K,  99% used [0x43a00000, 0x4819a7f0, 0x4819a800, 0x481c0000)
No shared spaces configured.
}
Event: 3873.594 GC heap before
{Heap before GC invocations=200 (full 26):
 def new generation   total 73600K, used 73600K [0x03a00000, 0x089d0000, 0x18f50000)
  eden space 65472K, 100% used [0x03a00000, 0x079f0000, 0x079f0000)
  from space 8128K, 100% used [0x081e0000, 0x089d0000, 0x089d0000)
  to   space 8128K,   0% used [0x079f0000, 0x079f0000, 0x081e0000)
 tenured generation   total 163380K, used 99335K [0x18f50000, 0x22edd000, 0x43a00000)
   the space 163380K,  60% used [0x18f50000, 0x1f051c48, 0x1f051e00, 0x22edd000)
 compacting perm gen  total 73984K, used 73967K [0x43a00000, 0x48240000, 0x53a00000)
   the space 73984K,  99% used [0x43a00000, 0x4823be90, 0x4823c000, 0x48240000)
No shared spaces configured.

